<?xml version="1.0" encoding="UTF-8"?>
<!-- Generated by org.testng.reporters.JUnitReportReporter -->
<testsuite hostname="LAPTOP-B4J14E8O" failures="0" tests="1" name="usermodule3.Authentication" time="10.855" errors="0" timestamp="2024-03-28T08:32:30 EDT" skipped="0">
  <testcase classname="usermodule3.Authentication" name="loginAPI" time="10.855"/>
</testsuite> <!-- usermodule3.Authentication -->
